<?xml version="1.0" encoding="UTF-8"?>
<testsuite name="happy.wedding.util.EncryptTest" tests="1" skipped="0" failures="0" errors="0" timestamp="2022-11-05T23:27:38" hostname="iboyeong-ui-MacBookPro.local" time="0.005">
  <properties/>
  <testcase name="encrypt()" classname="happy.wedding.util.EncryptTest" time="0.005"/>
  <system-out><![CDATA[]]></system-out>
  <system-err><![CDATA[]]></system-err>
</testsuite>
