<?xml version="1.0" encoding="UTF-8"?>
<testsuite name="happy.wedding.domain.ContentsRepositoryTest" tests="2" skipped="0" failures="0" errors="0" timestamp="2022-11-05T23:27:38" hostname="iboyeong-ui-MacBookPro.local" time="0.069">
  <properties/>
  <testcase name="contentsSaveAndFindOneTest" classname="happy.wedding.domain.ContentsRepositoryTest" time="0.014"/>
  <testcase name="manyContentsTest" classname="happy.wedding.domain.ContentsRepositoryTest" time="0.054"/>
  <system-out><![CDATA[2022-11-06 08:27:38.238  INFO 1935 --- [    Test worker] o.s.t.c.transaction.TransactionContext   : Began transaction (1) for test context [DefaultTestContext@8bd9d08 testClass = ContentsRepositoryTest, testInstance = happy.wedding.domain.ContentsRepositoryTest@189f3ccd, testMethod = contentsSaveAndFindOneTest@ContentsRepositoryTest, testException = [null], mergedContextConfiguration = [WebMergedContextConfiguration@2eb0932c testClass = ContentsRepositoryTest, locations = '{}', classes = '{class happy.wedding.WeddingApplication}', contextInitializerClasses = '[]', activeProfiles = '{}', propertySourceLocations = '{}', propertySourceProperties = '{org.springframework.boot.test.context.SpringBootTestContextBootstrapper=true}', contextCustomizers = set[org.springframework.boot.test.autoconfigure.actuate.metrics.MetricsExportContextCustomizerFactory$DisableMetricExportContextCustomizer@6bc407fd, org.springframework.boot.test.autoconfigure.properties.PropertyMappingContextCustomizer@0, org.springframework.boot.test.autoconfigure.web.servlet.WebDriverContextCustomizerFactory$Customizer@54504ecd, org.springframework.boot.test.context.filter.ExcludeFilterContextCustomizer@6239aba6, org.springframework.boot.test.json.DuplicateJsonObjectContextCustomizerFactory$DuplicateJsonObjectContextCustomizer@7164ca4c, org.springframework.boot.test.mock.mockito.MockitoContextCustomizer@0, org.springframework.boot.test.web.client.TestRestTemplateContextCustomizer@7a67e3c6, org.springframework.boot.test.context.SpringBootTestArgs@1, org.springframework.boot.test.context.SpringBootTestWebEnvironment@548e6d58], resourceBasePath = 'src/main/webapp', contextLoader = 'org.springframework.boot.test.context.SpringBootContextLoader', parent = [null]], attributes = map['org.springframework.test.context.web.ServletTestExecutionListener.activateListener' -> true, 'org.springframework.test.context.web.ServletTestExecutionListener.populatedRequestContextHolder' -> true, 'org.springframework.test.context.web.ServletTestExecutionListener.resetRequestContextHolder' -> true, 'org.springframework.test.context.event.ApplicationEventsTestExecutionListener.recordApplicationEvents' -> false]]; transaction manager [org.springframework.orm.jpa.JpaTransactionManager@71806c64]; rollback [false]
2022-11-06 08:27:38.239 DEBUG 1935 --- [    Test worker] org.hibernate.SQL                        : select next_val as id_val from hibernate_sequence for update
2022-11-06 08:27:38.240 DEBUG 1935 --- [    Test worker] org.hibernate.SQL                        : update hibernate_sequence set next_val= ? where next_val=?
2022-11-06 08:27:38.243 DEBUG 1935 --- [    Test worker] org.hibernate.SQL                        : select next_val as id_val from hibernate_sequence for update
2022-11-06 08:27:38.244 DEBUG 1935 --- [    Test worker] org.hibernate.SQL                        : update hibernate_sequence set next_val= ? where next_val=?
2022-11-06 08:27:38.247 DEBUG 1935 --- [    Test worker] org.hibernate.SQL                        : insert into board (bridge, create_date, groom, password, salt, wedding_day, id) values (?, ?, ?, ?, ?, ?, ?)
2022-11-06 08:27:38.248 DEBUG 1935 --- [    Test worker] org.hibernate.SQL                        : insert into contents (board_id, contents, create_date, list_icon, name, id) values (?, ?, ?, ?, ?, ?)
2022-11-06 08:27:38.251  INFO 1935 --- [    Test worker] o.s.t.c.transaction.TransactionContext   : Committed transaction for test: [DefaultTestContext@8bd9d08 testClass = ContentsRepositoryTest, testInstance = happy.wedding.domain.ContentsRepositoryTest@189f3ccd, testMethod = contentsSaveAndFindOneTest@ContentsRepositoryTest, testException = [null], mergedContextConfiguration = [WebMergedContextConfiguration@2eb0932c testClass = ContentsRepositoryTest, locations = '{}', classes = '{class happy.wedding.WeddingApplication}', contextInitializerClasses = '[]', activeProfiles = '{}', propertySourceLocations = '{}', propertySourceProperties = '{org.springframework.boot.test.context.SpringBootTestContextBootstrapper=true}', contextCustomizers = set[org.springframework.boot.test.autoconfigure.actuate.metrics.MetricsExportContextCustomizerFactory$DisableMetricExportContextCustomizer@6bc407fd, org.springframework.boot.test.autoconfigure.properties.PropertyMappingContextCustomizer@0, org.springframework.boot.test.autoconfigure.web.servlet.WebDriverContextCustomizerFactory$Customizer@54504ecd, org.springframework.boot.test.context.filter.ExcludeFilterContextCustomizer@6239aba6, org.springframework.boot.test.json.DuplicateJsonObjectContextCustomizerFactory$DuplicateJsonObjectContextCustomizer@7164ca4c, org.springframework.boot.test.mock.mockito.MockitoContextCustomizer@0, org.springframework.boot.test.web.client.TestRestTemplateContextCustomizer@7a67e3c6, org.springframework.boot.test.context.SpringBootTestArgs@1, org.springframework.boot.test.context.SpringBootTestWebEnvironment@548e6d58], resourceBasePath = 'src/main/webapp', contextLoader = 'org.springframework.boot.test.context.SpringBootContextLoader', parent = [null]], attributes = map['org.springframework.test.context.web.ServletTestExecutionListener.activateListener' -> true, 'org.springframework.test.context.web.ServletTestExecutionListener.populatedRequestContextHolder' -> true, 'org.springframework.test.context.web.ServletTestExecutionListener.resetRequestContextHolder' -> true, 'org.springframework.test.context.event.ApplicationEventsTestExecutionListener.recordApplicationEvents' -> false]]
2022-11-06 08:27:38.254  INFO 1935 --- [    Test worker] o.s.t.c.transaction.TransactionContext   : Began transaction (1) for test context [DefaultTestContext@8bd9d08 testClass = ContentsRepositoryTest, testInstance = happy.wedding.domain.ContentsRepositoryTest@74130456, testMethod = manyContentsTest@ContentsRepositoryTest, testException = [null], mergedContextConfiguration = [WebMergedContextConfiguration@2eb0932c testClass = ContentsRepositoryTest, locations = '{}', classes = '{class happy.wedding.WeddingApplication}', contextInitializerClasses = '[]', activeProfiles = '{}', propertySourceLocations = '{}', propertySourceProperties = '{org.springframework.boot.test.context.SpringBootTestContextBootstrapper=true}', contextCustomizers = set[org.springframework.boot.test.autoconfigure.actuate.metrics.MetricsExportContextCustomizerFactory$DisableMetricExportContextCustomizer@6bc407fd, org.springframework.boot.test.autoconfigure.properties.PropertyMappingContextCustomizer@0, org.springframework.boot.test.autoconfigure.web.servlet.WebDriverContextCustomizerFactory$Customizer@54504ecd, org.springframework.boot.test.context.filter.ExcludeFilterContextCustomizer@6239aba6, org.springframework.boot.test.json.DuplicateJsonObjectContextCustomizerFactory$DuplicateJsonObjectContextCustomizer@7164ca4c, org.springframework.boot.test.mock.mockito.MockitoContextCustomizer@0, org.springframework.boot.test.web.client.TestRestTemplateContextCustomizer@7a67e3c6, org.springframework.boot.test.context.SpringBootTestArgs@1, org.springframework.boot.test.context.SpringBootTestWebEnvironment@548e6d58], resourceBasePath = 'src/main/webapp', contextLoader = 'org.springframework.boot.test.context.SpringBootContextLoader', parent = [null]], attributes = map['org.springframework.test.context.web.ServletTestExecutionListener.activateListener' -> true, 'org.springframework.test.context.web.ServletTestExecutionListener.populatedRequestContextHolder' -> true, 'org.springframework.test.context.web.ServletTestExecutionListener.resetRequestContextHolder' -> true, 'org.springframework.test.context.event.ApplicationEventsTestExecutionListener.recordApplicationEvents' -> false]]; transaction manager [org.springframework.orm.jpa.JpaTransactionManager@71806c64]; rollback [false]
2022-11-06 08:27:38.255 DEBUG 1935 --- [    Test worker] org.hibernate.SQL                        : select next_val as id_val from hibernate_sequence for update
2022-11-06 08:27:38.256 DEBUG 1935 --- [    Test worker] org.hibernate.SQL                        : update hibernate_sequence set next_val= ? where next_val=?
2022-11-06 08:27:38.257 DEBUG 1935 --- [    Test worker] org.hibernate.SQL                        : select next_val as id_val from hibernate_sequence for update
2022-11-06 08:27:38.258 DEBUG 1935 --- [    Test worker] org.hibernate.SQL                        : update hibernate_sequence set next_val= ? where next_val=?
2022-11-06 08:27:38.259 DEBUG 1935 --- [    Test worker] org.hibernate.SQL                        : select next_val as id_val from hibernate_sequence for update
2022-11-06 08:27:38.260 DEBUG 1935 --- [    Test worker] org.hibernate.SQL                        : update hibernate_sequence set next_val= ? where next_val=?
2022-11-06 08:27:38.296 DEBUG 1935 --- [    Test worker] org.hibernate.SQL                        : insert into board (bridge, create_date, groom, password, salt, wedding_day, id) values (?, ?, ?, ?, ?, ?, ?)
2022-11-06 08:27:38.297 DEBUG 1935 --- [    Test worker] org.hibernate.SQL                        : insert into contents (board_id, contents, create_date, list_icon, name, id) values (?, ?, ?, ?, ?, ?)
2022-11-06 08:27:38.298 DEBUG 1935 --- [    Test worker] org.hibernate.SQL                        : insert into contents (board_id, contents, create_date, list_icon, name, id) values (?, ?, ?, ?, ?, ?)
2022-11-06 08:27:38.299 DEBUG 1935 --- [    Test worker] org.hibernate.SQL                        : select contents0_.id as id1_1_, contents0_.board_id as board_id6_1_, contents0_.contents as contents2_1_, contents0_.create_date as create_d3_1_, contents0_.list_icon as list_ico4_1_, contents0_.name as name5_1_ from contents contents0_ where contents0_.board_id=?
2022-11-06 08:27:38.306  INFO 1935 --- [    Test worker] o.s.t.c.transaction.TransactionContext   : Committed transaction for test: [DefaultTestContext@8bd9d08 testClass = ContentsRepositoryTest, testInstance = happy.wedding.domain.ContentsRepositoryTest@74130456, testMethod = manyContentsTest@ContentsRepositoryTest, testException = [null], mergedContextConfiguration = [WebMergedContextConfiguration@2eb0932c testClass = ContentsRepositoryTest, locations = '{}', classes = '{class happy.wedding.WeddingApplication}', contextInitializerClasses = '[]', activeProfiles = '{}', propertySourceLocations = '{}', propertySourceProperties = '{org.springframework.boot.test.context.SpringBootTestContextBootstrapper=true}', contextCustomizers = set[org.springframework.boot.test.autoconfigure.actuate.metrics.MetricsExportContextCustomizerFactory$DisableMetricExportContextCustomizer@6bc407fd, org.springframework.boot.test.autoconfigure.properties.PropertyMappingContextCustomizer@0, org.springframework.boot.test.autoconfigure.web.servlet.WebDriverContextCustomizerFactory$Customizer@54504ecd, org.springframework.boot.test.context.filter.ExcludeFilterContextCustomizer@6239aba6, org.springframework.boot.test.json.DuplicateJsonObjectContextCustomizerFactory$DuplicateJsonObjectContextCustomizer@7164ca4c, org.springframework.boot.test.mock.mockito.MockitoContextCustomizer@0, org.springframework.boot.test.web.client.TestRestTemplateContextCustomizer@7a67e3c6, org.springframework.boot.test.context.SpringBootTestArgs@1, org.springframework.boot.test.context.SpringBootTestWebEnvironment@548e6d58], resourceBasePath = 'src/main/webapp', contextLoader = 'org.springframework.boot.test.context.SpringBootContextLoader', parent = [null]], attributes = map['org.springframework.test.context.web.ServletTestExecutionListener.activateListener' -> true, 'org.springframework.test.context.web.ServletTestExecutionListener.populatedRequestContextHolder' -> true, 'org.springframework.test.context.web.ServletTestExecutionListener.resetRequestContextHolder' -> true, 'org.springframework.test.context.event.ApplicationEventsTestExecutionListener.recordApplicationEvents' -> false]]
]]></system-out>
  <system-err><![CDATA[]]></system-err>
</testsuite>
