<?xml version="1.0" encoding="UTF-8"?>
<testsuite name="happy.wedding.domain.BoardRepositoryTest" tests="1" skipped="0" failures="0" errors="0" timestamp="2022-11-07T10:58:21" hostname="192.168.nate.com" time="0.091">
  <properties/>
  <testcase name="boardTest()" classname="happy.wedding.domain.BoardRepositoryTest" time="0.091"/>
  <system-out><![CDATA[2022-11-07 19:58:21.381  INFO 4205 --- [    Test worker] .b.t.c.SpringBootTestContextBootstrapper : Neither @ContextConfiguration nor @ContextHierarchy found for test class [happy.wedding.domain.BoardRepositoryTest], using SpringBootContextLoader
2022-11-07 19:58:21.381  INFO 4205 --- [    Test worker] o.s.t.c.support.AbstractContextLoader    : Could not detect default resource locations for test class [happy.wedding.domain.BoardRepositoryTest]: no resource found for suffixes {-context.xml, Context.groovy}.
2022-11-07 19:58:21.381  INFO 4205 --- [    Test worker] t.c.s.AnnotationConfigContextLoaderUtils : Could not detect default configuration classes for test class [happy.wedding.domain.BoardRepositoryTest]: BoardRepositoryTest does not declare any static, non-private, non-final, nested classes annotated with @Configuration.
2022-11-07 19:58:21.382  INFO 4205 --- [    Test worker] .b.t.c.SpringBootTestContextBootstrapper : Found @SpringBootConfiguration happy.wedding.WeddingApplication for test class happy.wedding.domain.BoardRepositoryTest
2022-11-07 19:58:21.382  INFO 4205 --- [    Test worker] .b.t.c.SpringBootTestContextBootstrapper : Loaded default TestExecutionListener class names from location [META-INF/spring.factories]: [org.springframework.boot.test.autoconfigure.restdocs.RestDocsTestExecutionListener, org.springframework.boot.test.autoconfigure.web.client.MockRestServiceServerResetTestExecutionListener, org.springframework.boot.test.autoconfigure.web.servlet.MockMvcPrintOnlyOnFailureTestExecutionListener, org.springframework.boot.test.autoconfigure.web.servlet.WebDriverTestExecutionListener, org.springframework.boot.test.autoconfigure.webservices.client.MockWebServiceServerTestExecutionListener, org.springframework.boot.test.mock.mockito.MockitoTestExecutionListener, org.springframework.boot.test.mock.mockito.ResetMocksTestExecutionListener, org.springframework.test.context.web.ServletTestExecutionListener, org.springframework.test.context.support.DirtiesContextBeforeModesTestExecutionListener, org.springframework.test.context.event.ApplicationEventsTestExecutionListener, org.springframework.test.context.support.DependencyInjectionTestExecutionListener, org.springframework.test.context.support.DirtiesContextTestExecutionListener, org.springframework.test.context.transaction.TransactionalTestExecutionListener, org.springframework.test.context.jdbc.SqlScriptsTestExecutionListener, org.springframework.test.context.event.EventPublishingTestExecutionListener]
2022-11-07 19:58:21.382  INFO 4205 --- [    Test worker] .b.t.c.SpringBootTestContextBootstrapper : Using TestExecutionListeners: [org.springframework.test.context.web.ServletTestExecutionListener@1dae9e61, org.springframework.test.context.support.DirtiesContextBeforeModesTestExecutionListener@37b44e8e, org.springframework.test.context.event.ApplicationEventsTestExecutionListener@11ec2b2f, org.springframework.boot.test.mock.mockito.MockitoTestExecutionListener@a70daf4, org.springframework.boot.test.autoconfigure.SpringBootDependencyInjectionTestExecutionListener@6344004d, org.springframework.test.context.support.DirtiesContextTestExecutionListener@7611e295, org.springframework.test.context.transaction.TransactionalTestExecutionListener@6d40a2b, org.springframework.test.context.jdbc.SqlScriptsTestExecutionListener@a7fd77f, org.springframework.test.context.event.EventPublishingTestExecutionListener@49faf815, org.springframework.boot.test.autoconfigure.restdocs.RestDocsTestExecutionListener@3006aef5, org.springframework.boot.test.autoconfigure.web.client.MockRestServiceServerResetTestExecutionListener@16257f8c, org.springframework.boot.test.autoconfigure.web.servlet.MockMvcPrintOnlyOnFailureTestExecutionListener@62158618, org.springframework.boot.test.autoconfigure.web.servlet.WebDriverTestExecutionListener@7c31e01f, org.springframework.boot.test.autoconfigure.webservices.client.MockWebServiceServerTestExecutionListener@7945986a, org.springframework.boot.test.mock.mockito.ResetMocksTestExecutionListener@442151d1]
2022-11-07 19:58:21.415  INFO 4205 --- [    Test worker] o.s.t.c.transaction.TransactionContext   : Began transaction (1) for test context [DefaultTestContext@7d3faf1d testClass = BoardRepositoryTest, testInstance = happy.wedding.domain.BoardRepositoryTest@36017835, testMethod = boardTest@BoardRepositoryTest, testException = [null], mergedContextConfiguration = [WebMergedContextConfiguration@7207f3c2 testClass = BoardRepositoryTest, locations = '{}', classes = '{class happy.wedding.WeddingApplication}', contextInitializerClasses = '[]', activeProfiles = '{}', propertySourceLocations = '{}', propertySourceProperties = '{org.springframework.boot.test.context.SpringBootTestContextBootstrapper=true}', contextCustomizers = set[org.springframework.boot.test.autoconfigure.actuate.metrics.MetricsExportContextCustomizerFactory$DisableMetricExportContextCustomizer@5a3bc7ed, org.springframework.boot.test.autoconfigure.properties.PropertyMappingContextCustomizer@0, org.springframework.boot.test.autoconfigure.web.servlet.WebDriverContextCustomizerFactory$Customizer@6c4980d3, org.springframework.boot.test.context.filter.ExcludeFilterContextCustomizer@38b27cdc, org.springframework.boot.test.json.DuplicateJsonObjectContextCustomizerFactory$DuplicateJsonObjectContextCustomizer@3e6104fc, org.springframework.boot.test.mock.mockito.MockitoContextCustomizer@0, org.springframework.boot.test.web.client.TestRestTemplateContextCustomizer@2c78d320, org.springframework.boot.test.context.SpringBootTestArgs@1, org.springframework.boot.test.context.SpringBootTestWebEnvironment@6ff29830], resourceBasePath = 'src/main/webapp', contextLoader = 'org.springframework.boot.test.context.SpringBootContextLoader', parent = [null]], attributes = map['org.springframework.test.context.web.ServletTestExecutionListener.activateListener' -> true, 'org.springframework.test.context.web.ServletTestExecutionListener.populatedRequestContextHolder' -> true, 'org.springframework.test.context.web.ServletTestExecutionListener.resetRequestContextHolder' -> true, 'org.springframework.test.context.event.ApplicationEventsTestExecutionListener.recordApplicationEvents' -> false]]; transaction manager [org.springframework.orm.jpa.JpaTransactionManager@3b399f5a]; rollback [false]
2022-11-07 19:58:21.425 DEBUG 4205 --- [    Test worker] org.hibernate.SQL                        : select next_val as id_val from hibernate_sequence for update
2022-11-07 19:58:21.428 DEBUG 4205 --- [    Test worker] org.hibernate.SQL                        : update hibernate_sequence set next_val= ? where next_val=?
2022-11-07 19:58:21.469 DEBUG 4205 --- [    Test worker] org.hibernate.SQL                        : insert into board (bridge, create_date, groom, password, salt, wedding_day, id) values (?, ?, ?, ?, ?, ?, ?)
2022-11-07 19:58:21.474  INFO 4205 --- [    Test worker] o.s.t.c.transaction.TransactionContext   : Committed transaction for test: [DefaultTestContext@7d3faf1d testClass = BoardRepositoryTest, testInstance = happy.wedding.domain.BoardRepositoryTest@36017835, testMethod = boardTest@BoardRepositoryTest, testException = [null], mergedContextConfiguration = [WebMergedContextConfiguration@7207f3c2 testClass = BoardRepositoryTest, locations = '{}', classes = '{class happy.wedding.WeddingApplication}', contextInitializerClasses = '[]', activeProfiles = '{}', propertySourceLocations = '{}', propertySourceProperties = '{org.springframework.boot.test.context.SpringBootTestContextBootstrapper=true}', contextCustomizers = set[org.springframework.boot.test.autoconfigure.actuate.metrics.MetricsExportContextCustomizerFactory$DisableMetricExportContextCustomizer@5a3bc7ed, org.springframework.boot.test.autoconfigure.properties.PropertyMappingContextCustomizer@0, org.springframework.boot.test.autoconfigure.web.servlet.WebDriverContextCustomizerFactory$Customizer@6c4980d3, org.springframework.boot.test.context.filter.ExcludeFilterContextCustomizer@38b27cdc, org.springframework.boot.test.json.DuplicateJsonObjectContextCustomizerFactory$DuplicateJsonObjectContextCustomizer@3e6104fc, org.springframework.boot.test.mock.mockito.MockitoContextCustomizer@0, org.springframework.boot.test.web.client.TestRestTemplateContextCustomizer@2c78d320, org.springframework.boot.test.context.SpringBootTestArgs@1, org.springframework.boot.test.context.SpringBootTestWebEnvironment@6ff29830], resourceBasePath = 'src/main/webapp', contextLoader = 'org.springframework.boot.test.context.SpringBootContextLoader', parent = [null]], attributes = map['org.springframework.test.context.web.ServletTestExecutionListener.activateListener' -> true, 'org.springframework.test.context.web.ServletTestExecutionListener.populatedRequestContextHolder' -> true, 'org.springframework.test.context.web.ServletTestExecutionListener.resetRequestContextHolder' -> true, 'org.springframework.test.context.event.ApplicationEventsTestExecutionListener.recordApplicationEvents' -> false]]
]]></system-out>
  <system-err><![CDATA[]]></system-err>
</testsuite>
