<?xml version="1.0" encoding="UTF-8"?>
<testsuite name="happy.wedding.domain.ContentsRepositoryTest" tests="2" skipped="0" failures="0" errors="0" timestamp="2022-11-07T10:58:21" hostname="192.168.nate.com" time="0.068">
  <properties/>
  <testcase name="contentsSaveAndFindOneTest" classname="happy.wedding.domain.ContentsRepositoryTest" time="0.015"/>
  <testcase name="manyContentsTest" classname="happy.wedding.domain.ContentsRepositoryTest" time="0.052"/>
  <system-out><![CDATA[2022-11-07 19:58:21.490  INFO 4205 --- [    Test worker] o.s.t.c.transaction.TransactionContext   : Began transaction (1) for test context [DefaultTestContext@2a738d47 testClass = ContentsRepositoryTest, testInstance = happy.wedding.domain.ContentsRepositoryTest@6939f18a, testMethod = contentsSaveAndFindOneTest@ContentsRepositoryTest, testException = [null], mergedContextConfiguration = [WebMergedContextConfiguration@8bd9d08 testClass = ContentsRepositoryTest, locations = '{}', classes = '{class happy.wedding.WeddingApplication}', contextInitializerClasses = '[]', activeProfiles = '{}', propertySourceLocations = '{}', propertySourceProperties = '{org.springframework.boot.test.context.SpringBootTestContextBootstrapper=true}', contextCustomizers = set[org.springframework.boot.test.autoconfigure.actuate.metrics.MetricsExportContextCustomizerFactory$DisableMetricExportContextCustomizer@5a3bc7ed, org.springframework.boot.test.autoconfigure.properties.PropertyMappingContextCustomizer@0, org.springframework.boot.test.autoconfigure.web.servlet.WebDriverContextCustomizerFactory$Customizer@6c4980d3, org.springframework.boot.test.context.filter.ExcludeFilterContextCustomizer@38b27cdc, org.springframework.boot.test.json.DuplicateJsonObjectContextCustomizerFactory$DuplicateJsonObjectContextCustomizer@3e6104fc, org.springframework.boot.test.mock.mockito.MockitoContextCustomizer@0, org.springframework.boot.test.web.client.TestRestTemplateContextCustomizer@2c78d320, org.springframework.boot.test.context.SpringBootTestArgs@1, org.springframework.boot.test.context.SpringBootTestWebEnvironment@6ff29830], resourceBasePath = 'src/main/webapp', contextLoader = 'org.springframework.boot.test.context.SpringBootContextLoader', parent = [null]], attributes = map['org.springframework.test.context.web.ServletTestExecutionListener.activateListener' -> true, 'org.springframework.test.context.web.ServletTestExecutionListener.populatedRequestContextHolder' -> true, 'org.springframework.test.context.web.ServletTestExecutionListener.resetRequestContextHolder' -> true, 'org.springframework.test.context.event.ApplicationEventsTestExecutionListener.recordApplicationEvents' -> false]]; transaction manager [org.springframework.orm.jpa.JpaTransactionManager@3b399f5a]; rollback [false]
2022-11-07 19:58:21.491 DEBUG 4205 --- [    Test worker] org.hibernate.SQL                        : select next_val as id_val from hibernate_sequence for update
2022-11-07 19:58:21.492 DEBUG 4205 --- [    Test worker] org.hibernate.SQL                        : update hibernate_sequence set next_val= ? where next_val=?
2022-11-07 19:58:21.496 DEBUG 4205 --- [    Test worker] org.hibernate.SQL                        : select next_val as id_val from hibernate_sequence for update
2022-11-07 19:58:21.496 DEBUG 4205 --- [    Test worker] org.hibernate.SQL                        : update hibernate_sequence set next_val= ? where next_val=?
2022-11-07 19:58:21.500 DEBUG 4205 --- [    Test worker] org.hibernate.SQL                        : insert into board (bridge, create_date, groom, password, salt, wedding_day, id) values (?, ?, ?, ?, ?, ?, ?)
2022-11-07 19:58:21.501 DEBUG 4205 --- [    Test worker] org.hibernate.SQL                        : insert into contents (board_id, contents, create_date, list_icon, name, id) values (?, ?, ?, ?, ?, ?)
2022-11-07 19:58:21.504  INFO 4205 --- [    Test worker] o.s.t.c.transaction.TransactionContext   : Committed transaction for test: [DefaultTestContext@2a738d47 testClass = ContentsRepositoryTest, testInstance = happy.wedding.domain.ContentsRepositoryTest@6939f18a, testMethod = contentsSaveAndFindOneTest@ContentsRepositoryTest, testException = [null], mergedContextConfiguration = [WebMergedContextConfiguration@8bd9d08 testClass = ContentsRepositoryTest, locations = '{}', classes = '{class happy.wedding.WeddingApplication}', contextInitializerClasses = '[]', activeProfiles = '{}', propertySourceLocations = '{}', propertySourceProperties = '{org.springframework.boot.test.context.SpringBootTestContextBootstrapper=true}', contextCustomizers = set[org.springframework.boot.test.autoconfigure.actuate.metrics.MetricsExportContextCustomizerFactory$DisableMetricExportContextCustomizer@5a3bc7ed, org.springframework.boot.test.autoconfigure.properties.PropertyMappingContextCustomizer@0, org.springframework.boot.test.autoconfigure.web.servlet.WebDriverContextCustomizerFactory$Customizer@6c4980d3, org.springframework.boot.test.context.filter.ExcludeFilterContextCustomizer@38b27cdc, org.springframework.boot.test.json.DuplicateJsonObjectContextCustomizerFactory$DuplicateJsonObjectContextCustomizer@3e6104fc, org.springframework.boot.test.mock.mockito.MockitoContextCustomizer@0, org.springframework.boot.test.web.client.TestRestTemplateContextCustomizer@2c78d320, org.springframework.boot.test.context.SpringBootTestArgs@1, org.springframework.boot.test.context.SpringBootTestWebEnvironment@6ff29830], resourceBasePath = 'src/main/webapp', contextLoader = 'org.springframework.boot.test.context.SpringBootContextLoader', parent = [null]], attributes = map['org.springframework.test.context.web.ServletTestExecutionListener.activateListener' -> true, 'org.springframework.test.context.web.ServletTestExecutionListener.populatedRequestContextHolder' -> true, 'org.springframework.test.context.web.ServletTestExecutionListener.resetRequestContextHolder' -> true, 'org.springframework.test.context.event.ApplicationEventsTestExecutionListener.recordApplicationEvents' -> false]]
2022-11-07 19:58:21.505  INFO 4205 --- [    Test worker] o.s.t.c.transaction.TransactionContext   : Began transaction (1) for test context [DefaultTestContext@2a738d47 testClass = ContentsRepositoryTest, testInstance = happy.wedding.domain.ContentsRepositoryTest@2330c995, testMethod = manyContentsTest@ContentsRepositoryTest, testException = [null], mergedContextConfiguration = [WebMergedContextConfiguration@8bd9d08 testClass = ContentsRepositoryTest, locations = '{}', classes = '{class happy.wedding.WeddingApplication}', contextInitializerClasses = '[]', activeProfiles = '{}', propertySourceLocations = '{}', propertySourceProperties = '{org.springframework.boot.test.context.SpringBootTestContextBootstrapper=true}', contextCustomizers = set[org.springframework.boot.test.autoconfigure.actuate.metrics.MetricsExportContextCustomizerFactory$DisableMetricExportContextCustomizer@5a3bc7ed, org.springframework.boot.test.autoconfigure.properties.PropertyMappingContextCustomizer@0, org.springframework.boot.test.autoconfigure.web.servlet.WebDriverContextCustomizerFactory$Customizer@6c4980d3, org.springframework.boot.test.context.filter.ExcludeFilterContextCustomizer@38b27cdc, org.springframework.boot.test.json.DuplicateJsonObjectContextCustomizerFactory$DuplicateJsonObjectContextCustomizer@3e6104fc, org.springframework.boot.test.mock.mockito.MockitoContextCustomizer@0, org.springframework.boot.test.web.client.TestRestTemplateContextCustomizer@2c78d320, org.springframework.boot.test.context.SpringBootTestArgs@1, org.springframework.boot.test.context.SpringBootTestWebEnvironment@6ff29830], resourceBasePath = 'src/main/webapp', contextLoader = 'org.springframework.boot.test.context.SpringBootContextLoader', parent = [null]], attributes = map['org.springframework.test.context.web.ServletTestExecutionListener.activateListener' -> true, 'org.springframework.test.context.web.ServletTestExecutionListener.populatedRequestContextHolder' -> true, 'org.springframework.test.context.web.ServletTestExecutionListener.resetRequestContextHolder' -> true, 'org.springframework.test.context.event.ApplicationEventsTestExecutionListener.recordApplicationEvents' -> false]]; transaction manager [org.springframework.orm.jpa.JpaTransactionManager@3b399f5a]; rollback [false]
2022-11-07 19:58:21.507 DEBUG 4205 --- [    Test worker] org.hibernate.SQL                        : select next_val as id_val from hibernate_sequence for update
2022-11-07 19:58:21.507 DEBUG 4205 --- [    Test worker] org.hibernate.SQL                        : update hibernate_sequence set next_val= ? where next_val=?
2022-11-07 19:58:21.509 DEBUG 4205 --- [    Test worker] org.hibernate.SQL                        : select next_val as id_val from hibernate_sequence for update
2022-11-07 19:58:21.509 DEBUG 4205 --- [    Test worker] org.hibernate.SQL                        : update hibernate_sequence set next_val= ? where next_val=?
2022-11-07 19:58:21.511 DEBUG 4205 --- [    Test worker] org.hibernate.SQL                        : select next_val as id_val from hibernate_sequence for update
2022-11-07 19:58:21.511 DEBUG 4205 --- [    Test worker] org.hibernate.SQL                        : update hibernate_sequence set next_val= ? where next_val=?
2022-11-07 19:58:21.545 DEBUG 4205 --- [    Test worker] org.hibernate.SQL                        : insert into board (bridge, create_date, groom, password, salt, wedding_day, id) values (?, ?, ?, ?, ?, ?, ?)
2022-11-07 19:58:21.547 DEBUG 4205 --- [    Test worker] org.hibernate.SQL                        : insert into contents (board_id, contents, create_date, list_icon, name, id) values (?, ?, ?, ?, ?, ?)
2022-11-07 19:58:21.548 DEBUG 4205 --- [    Test worker] org.hibernate.SQL                        : insert into contents (board_id, contents, create_date, list_icon, name, id) values (?, ?, ?, ?, ?, ?)
2022-11-07 19:58:21.549 DEBUG 4205 --- [    Test worker] org.hibernate.SQL                        : select contents0_.id as id1_1_, contents0_.board_id as board_id6_1_, contents0_.contents as contents2_1_, contents0_.create_date as create_d3_1_, contents0_.list_icon as list_ico4_1_, contents0_.name as name5_1_ from contents contents0_ where contents0_.board_id=?
2022-11-07 19:58:21.557  INFO 4205 --- [    Test worker] o.s.t.c.transaction.TransactionContext   : Committed transaction for test: [DefaultTestContext@2a738d47 testClass = ContentsRepositoryTest, testInstance = happy.wedding.domain.ContentsRepositoryTest@2330c995, testMethod = manyContentsTest@ContentsRepositoryTest, testException = [null], mergedContextConfiguration = [WebMergedContextConfiguration@8bd9d08 testClass = ContentsRepositoryTest, locations = '{}', classes = '{class happy.wedding.WeddingApplication}', contextInitializerClasses = '[]', activeProfiles = '{}', propertySourceLocations = '{}', propertySourceProperties = '{org.springframework.boot.test.context.SpringBootTestContextBootstrapper=true}', contextCustomizers = set[org.springframework.boot.test.autoconfigure.actuate.metrics.MetricsExportContextCustomizerFactory$DisableMetricExportContextCustomizer@5a3bc7ed, org.springframework.boot.test.autoconfigure.properties.PropertyMappingContextCustomizer@0, org.springframework.boot.test.autoconfigure.web.servlet.WebDriverContextCustomizerFactory$Customizer@6c4980d3, org.springframework.boot.test.context.filter.ExcludeFilterContextCustomizer@38b27cdc, org.springframework.boot.test.json.DuplicateJsonObjectContextCustomizerFactory$DuplicateJsonObjectContextCustomizer@3e6104fc, org.springframework.boot.test.mock.mockito.MockitoContextCustomizer@0, org.springframework.boot.test.web.client.TestRestTemplateContextCustomizer@2c78d320, org.springframework.boot.test.context.SpringBootTestArgs@1, org.springframework.boot.test.context.SpringBootTestWebEnvironment@6ff29830], resourceBasePath = 'src/main/webapp', contextLoader = 'org.springframework.boot.test.context.SpringBootContextLoader', parent = [null]], attributes = map['org.springframework.test.context.web.ServletTestExecutionListener.activateListener' -> true, 'org.springframework.test.context.web.ServletTestExecutionListener.populatedRequestContextHolder' -> true, 'org.springframework.test.context.web.ServletTestExecutionListener.resetRequestContextHolder' -> true, 'org.springframework.test.context.event.ApplicationEventsTestExecutionListener.recordApplicationEvents' -> false]]
]]></system-out>
  <system-err><![CDATA[]]></system-err>
</testsuite>
