<?xml version="1.0" encoding="UTF-8"?>
<testsuite name="happy.wedding.util.EncryptTest" tests="1" skipped="0" failures="0" errors="0" timestamp="2022-11-07T10:58:21" hostname="192.168.nate.com" time="0.006">
  <properties/>
  <testcase name="encrypt()" classname="happy.wedding.util.EncryptTest" time="0.006"/>
  <system-out><![CDATA[]]></system-out>
  <system-err><![CDATA[]]></system-err>
</testsuite>
