<?xml version="1.0" encoding="UTF-8"?>
<testsuite name="happy.wedding.WeddingApplicationTests" tests="1" skipped="0" failures="0" errors="0" timestamp="2022-11-07T10:58:21" hostname="192.168.nate.com" time="0.064">
  <properties/>
  <testcase name="contextLoads()" classname="happy.wedding.WeddingApplicationTests" time="0.064"/>
  <system-out><![CDATA[19:58:19.527 [Test worker] DEBUG org.springframework.test.context.BootstrapUtils - Instantiating CacheAwareContextLoaderDelegate from class [org.springframework.test.context.cache.DefaultCacheAwareContextLoaderDelegate]
19:58:19.527 [Test worker] DEBUG org.springframework.test.context.BootstrapUtils - Instantiating BootstrapContext using constructor [public org.springframework.test.context.support.DefaultBootstrapContext(java.lang.Class,org.springframework.test.context.CacheAwareContextLoaderDelegate)]
19:58:19.527 [Test worker] DEBUG org.springframework.test.context.BootstrapUtils - Instantiating TestContextBootstrapper for test class [happy.wedding.WeddingApplicationTests] from class [org.springframework.boot.test.context.SpringBootTestContextBootstrapper]
19:58:19.527 [Test worker] INFO org.springframework.boot.test.context.SpringBootTestContextBootstrapper - Neither @ContextConfiguration nor @ContextHierarchy found for test class [happy.wedding.WeddingApplicationTests], using SpringBootContextLoader
19:58:19.528 [Test worker] DEBUG org.springframework.test.context.support.AbstractContextLoader - Did not detect default resource location for test class [happy.wedding.WeddingApplicationTests]: class path resource [happy/wedding/WeddingApplicationTests-context.xml] does not exist
19:58:19.528 [Test worker] DEBUG org.springframework.test.context.support.AbstractContextLoader - Did not detect default resource location for test class [happy.wedding.WeddingApplicationTests]: class path resource [happy/wedding/WeddingApplicationTestsContext.groovy] does not exist
19:58:19.528 [Test worker] INFO org.springframework.test.context.support.AbstractContextLoader - Could not detect default resource locations for test class [happy.wedding.WeddingApplicationTests]: no resource found for suffixes {-context.xml, Context.groovy}.
19:58:19.528 [Test worker] INFO org.springframework.test.context.support.AnnotationConfigContextLoaderUtils - Could not detect default configuration classes for test class [happy.wedding.WeddingApplicationTests]: WeddingApplicationTests does not declare any static, non-private, non-final, nested classes annotated with @Configuration.
19:58:19.529 [Test worker] DEBUG org.springframework.test.context.support.ActiveProfilesUtils - Could not find an 'annotation declaring class' for annotation type [org.springframework.test.context.ActiveProfiles] and class [happy.wedding.WeddingApplicationTests]
19:58:19.530 [Test worker] DEBUG org.springframework.context.annotation.ClassPathScanningCandidateComponentProvider - Identified candidate component class: file [/Users/ebong/devWork/wedding/build/classes/java/main/happy/wedding/WeddingApplication.class]
19:58:19.530 [Test worker] INFO org.springframework.boot.test.context.SpringBootTestContextBootstrapper - Found @SpringBootConfiguration happy.wedding.WeddingApplication for test class happy.wedding.WeddingApplicationTests
19:58:19.531 [Test worker] DEBUG org.springframework.boot.test.context.SpringBootTestContextBootstrapper - @TestExecutionListeners is not present for class [happy.wedding.WeddingApplicationTests]: using defaults.
19:58:19.531 [Test worker] INFO org.springframework.boot.test.context.SpringBootTestContextBootstrapper - Loaded default TestExecutionListener class names from location [META-INF/spring.factories]: [org.springframework.boot.test.autoconfigure.restdocs.RestDocsTestExecutionListener, org.springframework.boot.test.autoconfigure.web.client.MockRestServiceServerResetTestExecutionListener, org.springframework.boot.test.autoconfigure.web.servlet.MockMvcPrintOnlyOnFailureTestExecutionListener, org.springframework.boot.test.autoconfigure.web.servlet.WebDriverTestExecutionListener, org.springframework.boot.test.autoconfigure.webservices.client.MockWebServiceServerTestExecutionListener, org.springframework.boot.test.mock.mockito.MockitoTestExecutionListener, org.springframework.boot.test.mock.mockito.ResetMocksTestExecutionListener, org.springframework.test.context.web.ServletTestExecutionListener, org.springframework.test.context.support.DirtiesContextBeforeModesTestExecutionListener, org.springframework.test.context.event.ApplicationEventsTestExecutionListener, org.springframework.test.context.support.DependencyInjectionTestExecutionListener, org.springframework.test.context.support.DirtiesContextTestExecutionListener, org.springframework.test.context.transaction.TransactionalTestExecutionListener, org.springframework.test.context.jdbc.SqlScriptsTestExecutionListener, org.springframework.test.context.event.EventPublishingTestExecutionListener]
19:58:19.531 [Test worker] INFO org.springframework.boot.test.context.SpringBootTestContextBootstrapper - Using TestExecutionListeners: [org.springframework.test.context.web.ServletTestExecutionListener@5f4d427e, org.springframework.test.context.support.DirtiesContextBeforeModesTestExecutionListener@6e521c1e, org.springframework.test.context.event.ApplicationEventsTestExecutionListener@224b4d61, org.springframework.boot.test.mock.mockito.MockitoTestExecutionListener@5d5d9e5, org.springframework.boot.test.autoconfigure.SpringBootDependencyInjectionTestExecutionListener@303e3593, org.springframework.test.context.support.DirtiesContextTestExecutionListener@4ef27d66, org.springframework.test.context.transaction.TransactionalTestExecutionListener@362a019c, org.springframework.test.context.jdbc.SqlScriptsTestExecutionListener@1d9bec4d, org.springframework.test.context.event.EventPublishingTestExecutionListener@5c48c0c0, org.springframework.boot.test.autoconfigure.restdocs.RestDocsTestExecutionListener@10c8f62, org.springframework.boot.test.autoconfigure.web.client.MockRestServiceServerResetTestExecutionListener@674c583e, org.springframework.boot.test.autoconfigure.web.servlet.MockMvcPrintOnlyOnFailureTestExecutionListener@25f7391e, org.springframework.boot.test.autoconfigure.web.servlet.WebDriverTestExecutionListener@3f23a3a0, org.springframework.boot.test.autoconfigure.webservices.client.MockWebServiceServerTestExecutionListener@5ab14cb9, org.springframework.boot.test.mock.mockito.ResetMocksTestExecutionListener@5fb97279]
19:58:19.532 [Test worker] DEBUG org.springframework.test.context.support.AbstractDirtiesContextTestExecutionListener - Before test class: context [DefaultTestContext@5df417a7 testClass = WeddingApplicationTests, testInstance = [null], testMethod = [null], testException = [null], mergedContextConfiguration = [WebMergedContextConfiguration@7c041b41 testClass = WeddingApplicationTests, locations = '{}', classes = '{class happy.wedding.WeddingApplication}', contextInitializerClasses = '[]', activeProfiles = '{}', propertySourceLocations = '{}', propertySourceProperties = '{org.springframework.boot.test.context.SpringBootTestContextBootstrapper=true}', contextCustomizers = set[org.springframework.boot.test.autoconfigure.actuate.metrics.MetricsExportContextCustomizerFactory$DisableMetricExportContextCustomizer@5a3bc7ed, org.springframework.boot.test.autoconfigure.properties.PropertyMappingContextCustomizer@0, org.springframework.boot.test.autoconfigure.web.servlet.WebDriverContextCustomizerFactory$Customizer@6c4980d3, org.springframework.boot.test.context.filter.ExcludeFilterContextCustomizer@38b27cdc, org.springframework.boot.test.json.DuplicateJsonObjectContextCustomizerFactory$DuplicateJsonObjectContextCustomizer@3e6104fc, org.springframework.boot.test.mock.mockito.MockitoContextCustomizer@0, org.springframework.boot.test.web.client.TestRestTemplateContextCustomizer@2c78d320, org.springframework.boot.test.context.SpringBootTestArgs@1, org.springframework.boot.test.context.SpringBootTestWebEnvironment@6ff29830], resourceBasePath = 'src/main/webapp', contextLoader = 'org.springframework.boot.test.context.SpringBootContextLoader', parent = [null]], attributes = map['org.springframework.test.context.web.ServletTestExecutionListener.activateListener' -> true]], class annotated with @DirtiesContext [false] with mode [null].

  .   ____          _            __ _ _
 /\\ / ___'_ __ _ _(_)_ __  __ _ \ \ \ \
( ( )\___ | '_ | '_| | '_ \/ _` | \ \ \ \
 \\/  ___)| |_)| | | | | || (_| |  ) ) ) )
  '  |____| .__|_| |_|_| |_\__, | / / / /
 =========|_|==============|___/=/_/_/_/
 :: Spring Boot ::                (v2.7.4)

2022-11-07 19:58:19.915  INFO 4205 --- [    Test worker] happy.wedding.WeddingApplicationTests    : Starting WeddingApplicationTests using Java 17.0.4.1 on 192.168.nate.com with PID 4205 (started by ebong in /Users/ebong/devWork/wedding)
2022-11-07 19:58:19.916  INFO 4205 --- [    Test worker] happy.wedding.WeddingApplicationTests    : The following 1 profile is active: "dev"
2022-11-07 19:58:20.161  INFO 4205 --- [    Test worker] .s.d.r.c.RepositoryConfigurationDelegate : Bootstrapping Spring Data JPA repositories in DEFAULT mode.
2022-11-07 19:58:20.166  INFO 4205 --- [    Test worker] .s.d.r.c.RepositoryConfigurationDelegate : Finished Spring Data repository scanning in 2 ms. Found 0 JPA repository interfaces.
2022-11-07 19:58:20.365  INFO 4205 --- [    Test worker] o.hibernate.jpa.internal.util.LogHelper  : HHH000204: Processing PersistenceUnitInfo [name: default]
2022-11-07 19:58:20.385  INFO 4205 --- [    Test worker] org.hibernate.Version                    : HHH000412: Hibernate ORM core version 5.6.11.Final
2022-11-07 19:58:20.442  INFO 4205 --- [    Test worker] o.hibernate.annotations.common.Version   : HCANN000001: Hibernate Commons Annotations {5.1.2.Final}
2022-11-07 19:58:20.481  INFO 4205 --- [    Test worker] com.zaxxer.hikari.HikariDataSource       : HikariPool-1 - Starting...
2022-11-07 19:58:20.650  INFO 4205 --- [    Test worker] com.zaxxer.hikari.HikariDataSource       : HikariPool-1 - Start completed.
2022-11-07 19:58:20.661  INFO 4205 --- [    Test worker] org.hibernate.dialect.Dialect            : HHH000400: Using dialect: org.hibernate.dialect.MySQL8Dialect
2022-11-07 19:58:20.919  INFO 4205 --- [    Test worker] o.h.e.t.j.p.i.JtaPlatformInitiator       : HHH000490: Using JtaPlatform implementation: [org.hibernate.engine.transaction.jta.platform.internal.NoJtaPlatform]
2022-11-07 19:58:20.923  INFO 4205 --- [    Test worker] j.LocalContainerEntityManagerFactoryBean : Initialized JPA EntityManagerFactory for persistence unit 'default'
2022-11-07 19:58:21.040  WARN 4205 --- [    Test worker] JpaBaseConfiguration$JpaWebConfiguration : spring.jpa.open-in-view is enabled by default. Therefore, database queries may be performed during view rendering. Explicitly configure spring.jpa.open-in-view to disable this warning
2022-11-07 19:58:21.307  INFO 4205 --- [    Test worker] happy.wedding.WeddingApplicationTests    : Started WeddingApplicationTests in 1.76 seconds (JVM running for 2.21)
]]></system-out>
  <system-err><![CDATA[]]></system-err>
</testsuite>
